<?xml version="1.0" encoding="UTF-8"?>
<testsuite xmlns:xsi="http://www.w3.org/2001/XMLSchema-instance" xsi:noNamespaceSchemaLocation="https://maven.apache.org/surefire/maven-surefire-plugin/xsd/surefire-test-report.xsd" name="controllers.SummerCampControllerTest" time="0.068" tests="3" errors="1" skipped="0" failures="0">
  <properties>
    <property name="java.specification.version" value="14"/>
    <property name="sun.jnu.encoding" value="UTF-8"/>
    <property name="java.class.path" value="/home/dzhem/Documents/Spring Workspace/SummerCamp/target/test-classes:/home/dzhem/Documents/Spring Workspace/SummerCamp/target/classes:/home/dzhem/.m2/repository/junit/junit/4.13.2/junit-4.13.2.jar:/home/dzhem/.m2/repository/org/hamcrest/hamcrest-core/1.3/hamcrest-core-1.3.jar:/home/dzhem/.m2/repository/javax/servlet/javax.servlet-api/4.0.1/javax.servlet-api-4.0.1.jar:/home/dzhem/.m2/repository/org/springframework/boot/spring-boot-starter-security/2.5.2/spring-boot-starter-security-2.5.2.jar:/home/dzhem/.m2/repository/org/springframework/boot/spring-boot-starter/2.5.2/spring-boot-starter-2.5.2.jar:/home/dzhem/.m2/repository/org/springframework/boot/spring-boot/2.5.2/spring-boot-2.5.2.jar:/home/dzhem/.m2/repository/org/springframework/boot/spring-boot-autoconfigure/2.5.2/spring-boot-autoconfigure-2.5.2.jar:/home/dzhem/.m2/repository/org/springframework/boot/spring-boot-starter-logging/2.5.2/spring-boot-starter-logging-2.5.2.jar:/home/dzhem/.m2/repository/ch/qos/logback/logback-classic/1.2.3/logback-classic-1.2.3.jar:/home/dzhem/.m2/repository/ch/qos/logback/logback-core/1.2.3/logback-core-1.2.3.jar:/home/dzhem/.m2/repository/org/apache/logging/log4j/log4j-to-slf4j/2.14.1/log4j-to-slf4j-2.14.1.jar:/home/dzhem/.m2/repository/org/apache/logging/log4j/log4j-api/2.14.1/log4j-api-2.14.1.jar:/home/dzhem/.m2/repository/org/slf4j/jul-to-slf4j/1.7.31/jul-to-slf4j-1.7.31.jar:/home/dzhem/.m2/repository/jakarta/annotation/jakarta.annotation-api/1.3.5/jakarta.annotation-api-1.3.5.jar:/home/dzhem/.m2/repository/org/yaml/snakeyaml/1.28/snakeyaml-1.28.jar:/home/dzhem/.m2/repository/org/springframework/spring-aop/5.3.8/spring-aop-5.3.8.jar:/home/dzhem/.m2/repository/org/springframework/security/spring-security-config/5.5.1/spring-security-config-5.5.1.jar:/home/dzhem/.m2/repository/org/springframework/security/spring-security-core/5.5.1/spring-security-core-5.5.1.jar:/home/dzhem/.m2/repository/org/springframework/security/spring-security-crypto/5.5.1/spring-security-crypto-5.5.1.jar:/home/dzhem/.m2/repository/org/springframework/security/spring-security-web/5.5.1/spring-security-web-5.5.1.jar:/home/dzhem/.m2/repository/org/mockito/mockito-core/3.2.4/mockito-core-3.2.4.jar:/home/dzhem/.m2/repository/net/bytebuddy/byte-buddy/1.10.5/byte-buddy-1.10.5.jar:/home/dzhem/.m2/repository/net/bytebuddy/byte-buddy-agent/1.10.5/byte-buddy-agent-1.10.5.jar:/home/dzhem/.m2/repository/org/objenesis/objenesis/2.6/objenesis-2.6.jar:/home/dzhem/.m2/repository/org/springframework/boot/spring-boot-starter-test/2.5.0/spring-boot-starter-test-2.5.0.jar:/home/dzhem/.m2/repository/org/springframework/boot/spring-boot-test/2.5.0/spring-boot-test-2.5.0.jar:/home/dzhem/.m2/repository/org/springframework/boot/spring-boot-test-autoconfigure/2.5.0/spring-boot-test-autoconfigure-2.5.0.jar:/home/dzhem/.m2/repository/com/jayway/jsonpath/json-path/2.5.0/json-path-2.5.0.jar:/home/dzhem/.m2/repository/net/minidev/json-smart/2.3/json-smart-2.3.jar:/home/dzhem/.m2/repository/net/minidev/accessors-smart/1.2/accessors-smart-1.2.jar:/home/dzhem/.m2/repository/org/ow2/asm/asm/5.0.4/asm-5.0.4.jar:/home/dzhem/.m2/repository/org/slf4j/slf4j-api/1.7.30/slf4j-api-1.7.30.jar:/home/dzhem/.m2/repository/jakarta/xml/bind/jakarta.xml.bind-api/2.3.3/jakarta.xml.bind-api-2.3.3.jar:/home/dzhem/.m2/repository/jakarta/activation/jakarta.activation-api/1.2.2/jakarta.activation-api-1.2.2.jar:/home/dzhem/.m2/repository/org/assertj/assertj-core/3.19.0/assertj-core-3.19.0.jar:/home/dzhem/.m2/repository/org/hamcrest/hamcrest/2.2/hamcrest-2.2.jar:/home/dzhem/.m2/repository/org/junit/jupiter/junit-jupiter/5.7.2/junit-jupiter-5.7.2.jar:/home/dzhem/.m2/repository/org/junit/jupiter/junit-jupiter-api/5.7.2/junit-jupiter-api-5.7.2.jar:/home/dzhem/.m2/repository/org/apiguardian/apiguardian-api/1.1.0/apiguardian-api-1.1.0.jar:/home/dzhem/.m2/repository/org/opentest4j/opentest4j/1.2.0/opentest4j-1.2.0.jar:/home/dzhem/.m2/repository/org/junit/platform/junit-platform-commons/1.7.2/junit-platform-commons-1.7.2.jar:/home/dzhem/.m2/repository/org/junit/jupiter/junit-jupiter-params/5.7.2/junit-jupiter-params-5.7.2.jar:/home/dzhem/.m2/repository/org/junit/jupiter/junit-jupiter-engine/5.7.2/junit-jupiter-engine-5.7.2.jar:/home/dzhem/.m2/repository/org/junit/platform/junit-platform-engine/1.7.2/junit-platform-engine-1.7.2.jar:/home/dzhem/.m2/repository/org/mockito/mockito-junit-jupiter/3.9.0/mockito-junit-jupiter-3.9.0.jar:/home/dzhem/.m2/repository/org/skyscreamer/jsonassert/1.5.0/jsonassert-1.5.0.jar:/home/dzhem/.m2/repository/com/vaadin/external/google/android-json/0.0.20131108.vaadin1/android-json-0.0.20131108.vaadin1.jar:/home/dzhem/.m2/repository/org/springframework/spring-core/5.3.7/spring-core-5.3.7.jar:/home/dzhem/.m2/repository/org/springframework/spring-jcl/5.3.7/spring-jcl-5.3.7.jar:/home/dzhem/.m2/repository/org/springframework/spring-test/5.3.7/spring-test-5.3.7.jar:/home/dzhem/.m2/repository/org/xmlunit/xmlunit-core/2.8.2/xmlunit-core-2.8.2.jar:/home/dzhem/.m2/repository/com/h2database/h2/1.4.200/h2-1.4.200.jar:/home/dzhem/.m2/repository/com/google/code/gson/gson/2.8.7/gson-2.8.7.jar:/home/dzhem/.m2/repository/com/sun/xml/bind/jaxb-core/2.3.0.1/jaxb-core-2.3.0.1.jar:/home/dzhem/.m2/repository/javax/xml/bind/jaxb-api/2.3.1/jaxb-api-2.3.1.jar:/home/dzhem/.m2/repository/javax/activation/javax.activation-api/1.2.0/javax.activation-api-1.2.0.jar:/home/dzhem/.m2/repository/com/sun/xml/bind/jaxb-impl/2.3.1/jaxb-impl-2.3.1.jar:/home/dzhem/.m2/repository/jstl/jstl/1.2/jstl-1.2.jar:/home/dzhem/.m2/repository/org/springframework/spring-webmvc/5.3.8/spring-webmvc-5.3.8.jar:/home/dzhem/.m2/repository/org/springframework/spring-beans/5.3.8/spring-beans-5.3.8.jar:/home/dzhem/.m2/repository/org/springframework/spring-context/5.3.8/spring-context-5.3.8.jar:/home/dzhem/.m2/repository/org/springframework/spring-expression/5.3.8/spring-expression-5.3.8.jar:/home/dzhem/.m2/repository/org/springframework/spring-web/5.3.8/spring-web-5.3.8.jar:"/>
    <property name="java.vm.vendor" value="Private Build"/>
    <property name="sun.arch.data.model" value="64"/>
    <property name="java.vendor.url" value="Unknown"/>
    <property name="os.name" value="Linux"/>
    <property name="java.vm.specification.version" value="14"/>
    <property name="sun.java.launcher" value="SUN_STANDARD"/>
    <property name="user.country" value="US"/>
    <property name="sun.boot.library.path" value="/usr/lib/jvm/java-14-openjdk-amd64/lib"/>
    <property name="sun.java.command" value="/home/dzhem/Documents/Spring Workspace/SummerCamp/target/surefire/surefirebooter12838364888697811187.jar /home/dzhem/Documents/Spring Workspace/SummerCamp/target/surefire 2021-08-22T20-20-33_324-jvmRun1 surefire5793980587910691749tmp surefire_014161449531300519419tmp"/>
    <property name="jdk.debug" value="release"/>
    <property name="surefire.test.class.path" value="/home/dzhem/Documents/Spring Workspace/SummerCamp/target/test-classes:/home/dzhem/Documents/Spring Workspace/SummerCamp/target/classes:/home/dzhem/.m2/repository/junit/junit/4.13.2/junit-4.13.2.jar:/home/dzhem/.m2/repository/org/hamcrest/hamcrest-core/1.3/hamcrest-core-1.3.jar:/home/dzhem/.m2/repository/javax/servlet/javax.servlet-api/4.0.1/javax.servlet-api-4.0.1.jar:/home/dzhem/.m2/repository/org/springframework/boot/spring-boot-starter-security/2.5.2/spring-boot-starter-security-2.5.2.jar:/home/dzhem/.m2/repository/org/springframework/boot/spring-boot-starter/2.5.2/spring-boot-starter-2.5.2.jar:/home/dzhem/.m2/repository/org/springframework/boot/spring-boot/2.5.2/spring-boot-2.5.2.jar:/home/dzhem/.m2/repository/org/springframework/boot/spring-boot-autoconfigure/2.5.2/spring-boot-autoconfigure-2.5.2.jar:/home/dzhem/.m2/repository/org/springframework/boot/spring-boot-starter-logging/2.5.2/spring-boot-starter-logging-2.5.2.jar:/home/dzhem/.m2/repository/ch/qos/logback/logback-classic/1.2.3/logback-classic-1.2.3.jar:/home/dzhem/.m2/repository/ch/qos/logback/logback-core/1.2.3/logback-core-1.2.3.jar:/home/dzhem/.m2/repository/org/apache/logging/log4j/log4j-to-slf4j/2.14.1/log4j-to-slf4j-2.14.1.jar:/home/dzhem/.m2/repository/org/apache/logging/log4j/log4j-api/2.14.1/log4j-api-2.14.1.jar:/home/dzhem/.m2/repository/org/slf4j/jul-to-slf4j/1.7.31/jul-to-slf4j-1.7.31.jar:/home/dzhem/.m2/repository/jakarta/annotation/jakarta.annotation-api/1.3.5/jakarta.annotation-api-1.3.5.jar:/home/dzhem/.m2/repository/org/yaml/snakeyaml/1.28/snakeyaml-1.28.jar:/home/dzhem/.m2/repository/org/springframework/spring-aop/5.3.8/spring-aop-5.3.8.jar:/home/dzhem/.m2/repository/org/springframework/security/spring-security-config/5.5.1/spring-security-config-5.5.1.jar:/home/dzhem/.m2/repository/org/springframework/security/spring-security-core/5.5.1/spring-security-core-5.5.1.jar:/home/dzhem/.m2/repository/org/springframework/security/spring-security-crypto/5.5.1/spring-security-crypto-5.5.1.jar:/home/dzhem/.m2/repository/org/springframework/security/spring-security-web/5.5.1/spring-security-web-5.5.1.jar:/home/dzhem/.m2/repository/org/mockito/mockito-core/3.2.4/mockito-core-3.2.4.jar:/home/dzhem/.m2/repository/net/bytebuddy/byte-buddy/1.10.5/byte-buddy-1.10.5.jar:/home/dzhem/.m2/repository/net/bytebuddy/byte-buddy-agent/1.10.5/byte-buddy-agent-1.10.5.jar:/home/dzhem/.m2/repository/org/objenesis/objenesis/2.6/objenesis-2.6.jar:/home/dzhem/.m2/repository/org/springframework/boot/spring-boot-starter-test/2.5.0/spring-boot-starter-test-2.5.0.jar:/home/dzhem/.m2/repository/org/springframework/boot/spring-boot-test/2.5.0/spring-boot-test-2.5.0.jar:/home/dzhem/.m2/repository/org/springframework/boot/spring-boot-test-autoconfigure/2.5.0/spring-boot-test-autoconfigure-2.5.0.jar:/home/dzhem/.m2/repository/com/jayway/jsonpath/json-path/2.5.0/json-path-2.5.0.jar:/home/dzhem/.m2/repository/net/minidev/json-smart/2.3/json-smart-2.3.jar:/home/dzhem/.m2/repository/net/minidev/accessors-smart/1.2/accessors-smart-1.2.jar:/home/dzhem/.m2/repository/org/ow2/asm/asm/5.0.4/asm-5.0.4.jar:/home/dzhem/.m2/repository/org/slf4j/slf4j-api/1.7.30/slf4j-api-1.7.30.jar:/home/dzhem/.m2/repository/jakarta/xml/bind/jakarta.xml.bind-api/2.3.3/jakarta.xml.bind-api-2.3.3.jar:/home/dzhem/.m2/repository/jakarta/activation/jakarta.activation-api/1.2.2/jakarta.activation-api-1.2.2.jar:/home/dzhem/.m2/repository/org/assertj/assertj-core/3.19.0/assertj-core-3.19.0.jar:/home/dzhem/.m2/repository/org/hamcrest/hamcrest/2.2/hamcrest-2.2.jar:/home/dzhem/.m2/repository/org/junit/jupiter/junit-jupiter/5.7.2/junit-jupiter-5.7.2.jar:/home/dzhem/.m2/repository/org/junit/jupiter/junit-jupiter-api/5.7.2/junit-jupiter-api-5.7.2.jar:/home/dzhem/.m2/repository/org/apiguardian/apiguardian-api/1.1.0/apiguardian-api-1.1.0.jar:/home/dzhem/.m2/repository/org/opentest4j/opentest4j/1.2.0/opentest4j-1.2.0.jar:/home/dzhem/.m2/repository/org/junit/platform/junit-platform-commons/1.7.2/junit-platform-commons-1.7.2.jar:/home/dzhem/.m2/repository/org/junit/jupiter/junit-jupiter-params/5.7.2/junit-jupiter-params-5.7.2.jar:/home/dzhem/.m2/repository/org/junit/jupiter/junit-jupiter-engine/5.7.2/junit-jupiter-engine-5.7.2.jar:/home/dzhem/.m2/repository/org/junit/platform/junit-platform-engine/1.7.2/junit-platform-engine-1.7.2.jar:/home/dzhem/.m2/repository/org/mockito/mockito-junit-jupiter/3.9.0/mockito-junit-jupiter-3.9.0.jar:/home/dzhem/.m2/repository/org/skyscreamer/jsonassert/1.5.0/jsonassert-1.5.0.jar:/home/dzhem/.m2/repository/com/vaadin/external/google/android-json/0.0.20131108.vaadin1/android-json-0.0.20131108.vaadin1.jar:/home/dzhem/.m2/repository/org/springframework/spring-core/5.3.7/spring-core-5.3.7.jar:/home/dzhem/.m2/repository/org/springframework/spring-jcl/5.3.7/spring-jcl-5.3.7.jar:/home/dzhem/.m2/repository/org/springframework/spring-test/5.3.7/spring-test-5.3.7.jar:/home/dzhem/.m2/repository/org/xmlunit/xmlunit-core/2.8.2/xmlunit-core-2.8.2.jar:/home/dzhem/.m2/repository/com/h2database/h2/1.4.200/h2-1.4.200.jar:/home/dzhem/.m2/repository/com/google/code/gson/gson/2.8.7/gson-2.8.7.jar:/home/dzhem/.m2/repository/com/sun/xml/bind/jaxb-core/2.3.0.1/jaxb-core-2.3.0.1.jar:/home/dzhem/.m2/repository/javax/xml/bind/jaxb-api/2.3.1/jaxb-api-2.3.1.jar:/home/dzhem/.m2/repository/javax/activation/javax.activation-api/1.2.0/javax.activation-api-1.2.0.jar:/home/dzhem/.m2/repository/com/sun/xml/bind/jaxb-impl/2.3.1/jaxb-impl-2.3.1.jar:/home/dzhem/.m2/repository/jstl/jstl/1.2/jstl-1.2.jar:/home/dzhem/.m2/repository/org/springframework/spring-webmvc/5.3.8/spring-webmvc-5.3.8.jar:/home/dzhem/.m2/repository/org/springframework/spring-beans/5.3.8/spring-beans-5.3.8.jar:/home/dzhem/.m2/repository/org/springframework/spring-context/5.3.8/spring-context-5.3.8.jar:/home/dzhem/.m2/repository/org/springframework/spring-expression/5.3.8/spring-expression-5.3.8.jar:/home/dzhem/.m2/repository/org/springframework/spring-web/5.3.8/spring-web-5.3.8.jar:"/>
    <property name="sun.cpu.endian" value="little"/>
    <property name="user.home" value="/home/dzhem"/>
    <property name="user.language" value="en"/>
    <property name="java.specification.vendor" value="Oracle Corporation"/>
    <property name="java.version.date" value="2020-07-14"/>
    <property name="java.home" value="/usr/lib/jvm/java-14-openjdk-amd64"/>
    <property name="file.separator" value="/"/>
    <property name="style.color" value="always"/>
    <property name="basedir" value="/home/dzhem/Documents/Spring Workspace/SummerCamp"/>
    <property name="java.vm.compressedOopsMode" value="Zero based"/>
    <property name="line.separator" value="&#10;"/>
    <property name="java.vm.specification.vendor" value="Oracle Corporation"/>
    <property name="java.specification.name" value="Java Platform API Specification"/>
    <property name="surefire.real.class.path" value="/home/dzhem/Documents/Spring Workspace/SummerCamp/target/surefire/surefirebooter12838364888697811187.jar"/>
    <property name="sun.management.compiler" value="HotSpot 64-Bit Tiered Compilers"/>
    <property name="java.runtime.version" value="14.0.2+12-Ubuntu-120.04"/>
    <property name="user.name" value="dzhem"/>
    <property name="path.separator" value=":"/>
    <property name="os.version" value="5.4.0-81-generic"/>
    <property name="java.runtime.name" value="OpenJDK Runtime Environment"/>
    <property name="file.encoding" value="UTF-8"/>
    <property name="java.vm.name" value="OpenJDK 64-Bit Server VM"/>
    <property name="localRepository" value="/home/dzhem/.m2/repository"/>
    <property name="java.vendor.url.bug" value="Unknown"/>
    <property name="java.io.tmpdir" value="/tmp"/>
    <property name="java.version" value="14.0.2"/>
    <property name="user.dir" value="/home/dzhem/Documents/Spring Workspace/SummerCamp"/>
    <property name="os.arch" value="amd64"/>
    <property name="java.vm.specification.name" value="Java Virtual Machine Specification"/>
    <property name="java.library.path" value="/usr/java/packages/lib:/usr/lib/x86_64-linux-gnu/jni:/lib/x86_64-linux-gnu:/usr/lib/x86_64-linux-gnu:/usr/lib/jni:/lib:/usr/lib"/>
    <property name="java.vm.info" value="mixed mode, sharing"/>
    <property name="java.vendor" value="Private Build"/>
    <property name="java.vm.version" value="14.0.2+12-Ubuntu-120.04"/>
    <property name="sun.io.unicode.encoding" value="UnicodeLittle"/>
    <property name="java.class.version" value="58.0"/>
  </properties>
  <testcase name="testShowIndexReturnsIndex" classname="controllers.SummerCampControllerTest" time="0.034"/>
  <testcase name="testParameterizedPostalCodeInputs" classname="controllers.SummerCampControllerTest" time="0.014">
    <error type="java.lang.NullPointerException">java.lang.NullPointerException
	at controllers.SummerCampControllerTest.isPostWrong(SummerCampControllerTest.java:73)
	at controllers.SummerCampControllerTest.testParameterizedPostalCodeInputs(SummerCampControllerTest.java:69)
</error>
  </testcase>
  <testcase name="testControllerInstance" classname="controllers.SummerCampControllerTest" time="0.003"/>
</testsuite>